goroutine 34 [running]:
runtime/debug.Stack()
	C:/Program Files/Go/src/runtime/debug/stack.go:24 +0x83
github.com/alekslesik/greenlight/internal/jsonlog.(*Logger).print(0x11c55500, 0x1, {0x11d2c2c0, 0x31}, 0x11d282c0)
	C:/Users/User/go/src/github.com/alekslesik/greenlight/internal/jsonlog/jsonlog.go:98 +0x1cc
github.com/alekslesik/greenlight/internal/jsonlog.(*Logger).PrintError(0x11c55500, {0x8a1a3c, 0x11d04208}, 0x11d282c0)
	C:/Users/User/go/src/github.com/alekslesik/greenlight/internal/jsonlog/jsonlog.go:64 +0x4e
main.(*application).logError(0x11d42000, 0x11c78180, {0x8a1a3c, 0x11d04208})
	C:/Users/User/go/src/github.com/alekslesik/greenlight/cmd/api/errors.go:12 +0x114
main.(*application).serverErrorResponse(0x11d42000, {0x8a33e4, 0x11c02140}, 0x11c78180, {0x8a1a3c, 0x11d04208})
	C:/Users/User/go/src/github.com/alekslesik/greenlight/cmd/api/errors.go:40 +0x39
main.(*application).listMoviesHandler(0x11d42000, {0x8a33e4, 0x11c02140}, 0x11c78180)
	C:/Users/User/go/src/github.com/alekslesik/greenlight/cmd/api/movies.go:57 +0x5b3
net/http.HandlerFunc.ServeHTTP(0x11d04128, {0x8a33e4, 0x11c02140}, 0x11c78180)
	C:/Program Files/Go/src/net/http/server.go:2109 +0x34
github.com/julienschmidt/httprouter.(*Router).Handler.func1({0x8a33e4, 0x11c02140}, 0x11c78180, {0x0, 0x0, 0x0})
	C:/Users/User/go/pkg/mod/github.com/julienschmidt/httprouter@v1.3.0/router.go:275 +0x15d
github.com/julienschmidt/httprouter.(*Router).ServeHTTP(0x11d080c0, {0x8a33e4, 0x11c02140}, 0x11c78180)
	C:/Users/User/go/pkg/mod/github.com/julienschmidt/httprouter@v1.3.0/router.go:387 +0x86c
main.(*application).rateLimit.func2({0x8a33e4, 0x11c02140}, 0x11c78180)
	C:/Users/User/go/src/github.com/alekslesik/greenlight/cmd/api/middleware.go:110 +0x23b
net/http.HandlerFunc.ServeHTTP(0x11d0a048, {0x8a33e4, 0x11c02140}, 0x11c78180)
	C:/Program Files/Go/src/net/http/server.go:2109 +0x34
main.(*application).recoverPanic.func1({0x8a33e4, 0x11c02140}, 0x11c78180)
	C:/Users/User/go/src/github.com/alekslesik/greenlight/cmd/api/middleware.go:35 +0x8a
net/http.HandlerFunc.ServeHTTP(0x11c5e280, {0x8a33e4, 0x11c02140}, 0x11c78180)
	C:/Program Files/Go/src/net/http/server.go:2109 +0x34
net/http.serverHandler.ServeHTTP({0x11d44000}, {0x8a33e4, 0x11c02140}, 0x11c78180)
	C:/Program Files/Go/src/net/http/server.go:2947 +0x285
net/http.(*conn).serve(0x11d8c000, {0x8a36c0, 0x11d0a0a8})
	C:/Program Files/Go/src/net/http/server.go:1991 +0x67d
created by net/http.(*Server).Serve
	C:/Program Files/Go/src/net/http/server.go:3102 +0x498
